[2020-11-03 14:45:05] Executing startup tasks
[2020-11-03 14:45:05] OpenJDK Runtime Environment 11.0.9+11-Ubuntu-0ubuntu1.18.04.1
[2020-11-03 14:45:05] Product self.product.version
[2020-11-03 14:45:05] Workspace /home/kirito/Documents/L2 INFO/LU2IN002/TME6_eclipse
[2020-11-03 14:45:05] Bundle org.eclipse.oomph.setup 1.18.0.v20200820-0414, build=4821, branch=9bc46599ffa5e6ffd3e2d2122913fe40d711f2f5
[2020-11-03 14:45:05] Bundle org.eclipse.oomph.setup.core 1.18.0.v20200624-1156, build=4821, branch=9bc46599ffa5e6ffd3e2d2122913fe40d711f2f5
[2020-11-03 14:45:05] Bundle org.eclipse.oomph.setup.p2 1.16.0.v20200814-1205, build=4821, branch=9bc46599ffa5e6ffd3e2d2122913fe40d711f2f5
[2020-11-03 14:45:05] Performing Preference /instance/org.eclipse.core.resources/encoding = UTF-8
[2020-11-03 14:45:05] 
[2020-11-09 13:42:53] Executing startup tasks
[2020-11-09 13:42:54] OpenJDK Runtime Environment 11.0.9+11-Ubuntu-0ubuntu1.18.04.1
[2020-11-09 13:42:54] Product self.product.version
[2020-11-09 13:42:54] Workspace /home/kirito/Documents/L2 INFO/LU2IN002/Java_mini_projet
[2020-11-09 13:42:54] Bundle org.eclipse.oomph.setup 1.18.0.v20200820-0414, build=4821, branch=9bc46599ffa5e6ffd3e2d2122913fe40d711f2f5
[2020-11-09 13:42:54] Bundle org.eclipse.oomph.setup.core 1.18.0.v20200624-1156, build=4821, branch=9bc46599ffa5e6ffd3e2d2122913fe40d711f2f5
[2020-11-09 13:42:54] Bundle org.eclipse.oomph.setup.p2 1.16.0.v20200814-1205, build=4821, branch=9bc46599ffa5e6ffd3e2d2122913fe40d711f2f5
[2020-11-09 13:42:55] Performing Preference /instance/org.eclipse.core.resources/encoding = UTF-8
[2020-11-09 13:42:55] 
[2020-11-09 14:54:24] Executing startup tasks
[2020-11-09 14:54:24] OpenJDK Runtime Environment 11.0.9+11-Ubuntu-0ubuntu1.18.04.1
[2020-11-09 14:54:24] Product self.product.version
[2020-11-09 14:54:24] Workspace /home/kirito/Documents/L2 INFO/LU2IN002/Java_mini_projet
[2020-11-09 14:54:24] Bundle org.eclipse.oomph.setup 1.18.0.v20200820-0414, build=4821, branch=9bc46599ffa5e6ffd3e2d2122913fe40d711f2f5
[2020-11-09 14:54:24] Bundle org.eclipse.oomph.setup.core 1.18.0.v20200624-1156, build=4821, branch=9bc46599ffa5e6ffd3e2d2122913fe40d711f2f5
[2020-11-09 14:54:24] Bundle org.eclipse.oomph.setup.p2 1.16.0.v20200814-1205, build=4821, branch=9bc46599ffa5e6ffd3e2d2122913fe40d711f2f5
[2020-11-09 14:54:24] Performing Preference /instance/org.eclipse.core.resources/encoding = UTF-8
[2020-11-09 14:54:24] 
[2020-11-16 09:04:58] Executing startup tasks
[2020-11-16 09:04:59] OpenJDK Runtime Environment 11.0.9.1+1-Ubuntu-0ubuntu1.18.04
[2020-11-16 09:04:59] Product self.product.version
[2020-11-16 09:04:59] Workspace /home/kirito/Documents/L2 INFO/LU2IN002/Java_mini_projet/src
[2020-11-16 09:04:59] Bundle org.eclipse.oomph.setup 1.18.0.v20200820-0414, build=4821, branch=9bc46599ffa5e6ffd3e2d2122913fe40d711f2f5
[2020-11-16 09:04:59] Bundle org.eclipse.oomph.setup.core 1.18.0.v20200624-1156, build=4821, branch=9bc46599ffa5e6ffd3e2d2122913fe40d711f2f5
[2020-11-16 09:04:59] Bundle org.eclipse.oomph.setup.p2 1.16.0.v20200814-1205, build=4821, branch=9bc46599ffa5e6ffd3e2d2122913fe40d711f2f5
[2020-11-16 09:04:59] Performing Preference /instance/org.eclipse.core.resources/encoding = UTF-8
[2020-11-16 09:04:59] 
[2020-11-16 09:05:00] Executing startup tasks
[2020-11-16 09:05:00] OpenJDK Runtime Environment 11.0.9.1+1-Ubuntu-0ubuntu1.18.04
[2020-11-16 09:05:01] Product self.product.version
[2020-11-16 09:05:01] Workspace /home/kirito/Documents/L2 INFO/LU2IN002/Java_mini_projet
[2020-11-16 09:05:01] Bundle org.eclipse.oomph.setup 1.18.0.v20200820-0414, build=4821, branch=9bc46599ffa5e6ffd3e2d2122913fe40d711f2f5
[2020-11-16 09:05:01] Bundle org.eclipse.oomph.setup.core 1.18.0.v20200624-1156, build=4821, branch=9bc46599ffa5e6ffd3e2d2122913fe40d711f2f5
[2020-11-16 09:05:01] Bundle org.eclipse.oomph.setup.p2 1.16.0.v20200814-1205, build=4821, branch=9bc46599ffa5e6ffd3e2d2122913fe40d711f2f5
[2020-11-16 09:05:01] Performing Preference /instance/org.eclipse.core.resources/encoding = UTF-8
[2020-11-16 09:05:01] 
